Immortal Android WIFI Tether
----------------------------
Make sure the server is up and that the Android is running ./tetherwifi.sh

Local Android Scan

Server Scan
Password: Monitoring TCP LISTEN ports 8888 5900 5037 9996 9995 5800 3389
Waiting for 3 seconds to start...
Executing STARTACTION
killall dumpcap 2>/dev/null;dumpcap -w dumpcap.pcapng;echo Starting tetherwifi.sh...;perl -e "print \"\$ENV{'SCAN'}\\n\$ENV{'IMMORTALPASSWORD'}\\n\";"|./tetherwifi.sh

Port 8888 Down at Wed May 13 03:26:44 MDT 2020
Port 5900 Down at Wed May 13 03:26:44 MDT 2020
Port 9996 Down at Wed May 13 03:26:44 MDT 2020
Port 9995 Down at Wed May 13 03:26:44 MDT 2020
Port 5800 Down at Wed May 13 03:26:45 MDT 2020
Port 3389 Down at Wed May 13 03:26:45 MDT 2020
Executing DOWNACTION
./beepdown.sh;killall dumpcap 2>/dev/null;mv dumpcap.pcapng `date|sed -e 's/[ :]/_/ig'`.pcapng;echo Starting tetherwifi.sh...;perl -e "print \"\$ENV{'SCAN'}\\n\$ENV{'IMMORTALPASSWORD'}\\n\";"|./tetherwifi.sh
Starting tetherwifi.sh...
Cleaning Up
Starting tetherwifi.sh...
Cleaning Up
Scan Server and Proxy (y/n)? Password: 
Running SSH in Background
Scan Server and Proxy (y/n)? Password: 
Running SSH in Background
Open Ports
COMMAND    PID USER   FD   TYPE  DEVICE SIZE/OFF NODE NAME
chromium- 3881 mark  119u  IPv4 1530363      0t0  TCP localhost:39452->localhost:9229 (SYN_SENT)
chromium- 3881 mark  120u  IPv4 1413515      0t0  UDP 224.0.0.251:mdns 
chromium- 3915 mark   30u  IPv4 1532763      0t0  TCP localhost:48236->localhost:8888 (ESTABLISHED)
chromium- 3915 mark   33u  IPv4 1530875      0t0  TCP localhost:48244->localhost:8888 (ESTABLISHED)
chromium- 3915 mark   37u  IPv4 1412716      0t0  UDP 224.0.0.251:mdns 
chromium- 3915 mark   38u  IPv4 1530873      0t0  TCP localhost:48240->localhost:8888 (ESTABLISHED)
chromium- 3915 mark   40u  IPv4 1534033      0t0  TCP localhost:48248->localhost:8888 (ESTABLISHED)
chromium- 3915 mark   41u  IPv4 1534035      0t0  TCP localhost:48252->localhost:8888 (ESTABLISHED)
chromium- 3915 mark   43u  IPv4 1533913      0t0  TCP localhost:48256->localhost:8888 (ESTABLISHED)
chromium- 3915 mark   45u  IPv4 1534044      0t0  TCP localhost:48264->localhost:8888 (ESTABLISHED)
chromium- 3915 mark   48u  IPv4 1533920      0t0  TCP localhost:48268->localhost:8888 (ESTABLISHED)
chromium- 3915 mark   49u  IPv4 1534994      0t0  TCP localhost:48280->localhost:8888 (ESTABLISHED)
chromium- 3915 mark   54u  IPv4 1534992      0t0  TCP localhost:48276->localhost:8888 (ESTABLISHED)
chromium- 3915 mark   58u  IPv4 1534990      0t0  TCP localhost:48272->localhost:8888 (ESTABLISHED)
chromium- 3915 mark  105u  IPv4   68502      0t0  UDP 224.0.0.251:mdns 
autossh   7499 root    3u  IPv4 1533963      0t0  TCP localhost:9996 (LISTEN)
ssh       7502 root    3u  IPv4 1532640      0t0  TCP 192.168.43.66:52196->192.168.43.1:2222 (ESTABLISHED)
ssh       7502 root    4u  IPv6 1530857      0t0  TCP ip6-localhost:9995 (LISTEN)
ssh       7502 root    5u  IPv4 1530858      0t0  TCP localhost:9995 (LISTEN)
ssh       7502 root    6u  IPv4 1530859      0t0  TCP localhost:5900 (LISTEN)
ssh       7502 root    7u  IPv4 1530860      0t0  TCP localhost:5800 (LISTEN)
ssh       7502 root    8u  IPv4 1530861      0t0  TCP localhost:3389 (LISTEN)
ssh       7502 root    9u  IPv4 1530862      0t0  TCP localhost:8888 (LISTEN)
ssh       7502 root   10u  IPv4 1534022      0t0  TCP localhost:8888->localhost:48236 (ESTABLISHED)
ssh       7502 root   11u  IPv4 1534023      0t0  TCP localhost:8888->localhost:48240 (ESTABLISHED)
ssh       7502 root   12u  IPv4 1534029      0t0  TCP localhost:8888->localhost:48244 (ESTABLISHED)
ssh       7502 root   13u  IPv4 1530877      0t0  TCP localhost:8888->localhost:48248 (ESTABLISHED)
ssh       7502 root   14u  IPv4 1530879      0t0  TCP localhost:8888->localhost:48252 (ESTABLISHED)
ssh       7502 root   15u  IPv4 1534979      0t0  TCP localhost:8888->localhost:48256 (ESTABLISHED)
ssh       7502 root   16u  IPv4 1533921      0t0  TCP localhost:8888->localhost:48272 (ESTABLISHED)
ssh       7502 root   17u  IPv4 1533918      0t0  TCP localhost:8888->localhost:48264 (ESTABLISHED)
ssh       7502 root   18u  IPv4 1532781      0t0  TCP localhost:8888->localhost:48268 (ESTABLISHED)
ssh       7502 root   19u  IPv4 1533922      0t0  TCP localhost:8888->localhost:48276 (ESTABLISHED)
ssh       7502 root   20u  IPv4 1533923      0t0  TCP localhost:8888->localhost:48280 (ESTABLISHED)
adb       7558 root   11u  IPv4 1532702      0t0  TCP localhost:5037 (LISTEN)
Press Enter to Exit
Press Ctrl-C to Exit
.Executing UPACTION
./beepup.sh;killall dumpcap 2>/dev/null;dumpcap -w dumpcap.pcapng;
..............